<?xml version="1.0" encoding="UTF-8"?>
<testng-results ignored="0" total="1" passed="1" failed="0" skipped="0">
  <reporter-output>
  </reporter-output>
  <suite started-at="2025-04-23T21:28:06 IST" name="Default suite" finished-at="2025-04-23T21:28:06 IST" duration-ms="87">
    <groups>
    </groups>
    <test started-at="2025-04-23T21:28:06 IST" name="Default test" finished-at="2025-04-23T21:28:06 IST" duration-ms="87">
      <class name="Stream0">
        <test-method signature="Assignment()[pri:0, instance:Stream0@15bb5034]" started-at="2025-04-23T21:28:06 IST" name="Assignment" finished-at="2025-04-23T21:28:06 IST" duration-ms="14" status="PASS">
          <reporter-output>
          </reporter-output>
        </test-method> <!-- Assignment -->
      </class> <!-- Stream0 -->
    </test> <!-- Default test -->
  </suite> <!-- Default suite -->
</testng-results>
